[2020-03-23 10:53:48.353] [exthost] [info] extension host started
[2020-03-23 10:53:48.371] [exthost] [info] ExtensionService#_doActivateExtension vscode.debug-auto-launch {"startup":true,"extensionId":{"value":"vscode.debug-auto-launch","_lower":"vscode.debug-auto-launch"},"activationEvent":"*"}
[2020-03-23 10:53:48.371] [exthost] [info] ExtensionService#loadCommonJSModule file:///usr/lib/code/extensions/debug-auto-launch/dist/extension
[2020-03-23 10:53:48.377] [exthost] [info] ExtensionService#_doActivateExtension vscode.emmet {"startup":true,"extensionId":{"value":"vscode.emmet","_lower":"vscode.emmet"},"activationEvent":"*"}
[2020-03-23 10:53:48.377] [exthost] [info] ExtensionService#loadCommonJSModule file:///usr/lib/code/extensions/emmet/dist/extension
[2020-03-23 10:53:48.400] [exthost] [info] ExtensionService#_doActivateExtension vscode.git {"startup":true,"extensionId":{"value":"vscode.git","_lower":"vscode.git"},"activationEvent":"*"}
[2020-03-23 10:53:48.400] [exthost] [info] ExtensionService#loadCommonJSModule file:///usr/lib/code/extensions/git/dist/main
[2020-03-23 10:53:48.434] [exthost] [info] ExtensionService#_doActivateExtension vscode.merge-conflict {"startup":true,"extensionId":{"value":"vscode.merge-conflict","_lower":"vscode.merge-conflict"},"activationEvent":"*"}
[2020-03-23 10:53:48.434] [exthost] [info] ExtensionService#loadCommonJSModule file:///usr/lib/code/extensions/merge-conflict/dist/extension
[2020-03-23 10:53:48.437] [exthost] [info] ExtensionService#_doActivateExtension vscode.search-result {"startup":true,"extensionId":{"value":"vscode.search-result","_lower":"vscode.search-result"},"activationEvent":"*"}
[2020-03-23 10:53:48.437] [exthost] [info] ExtensionService#loadCommonJSModule file:///usr/lib/code/extensions/search-result/dist/extension.js
[2020-03-23 10:53:48.438] [exthost] [info] ExtensionService#_doActivateExtension vscode.vscode-account {"startup":true,"extensionId":{"value":"vscode.vscode-account","_lower":"vscode.vscode-account"},"activationEvent":"*"}
[2020-03-23 10:53:48.438] [exthost] [info] ExtensionService#loadCommonJSModule file:///usr/lib/code/extensions/vscode-account/dist/extension.js
[2020-03-23 10:53:48.441] [exthost] [info] ExtensionService#_doActivateExtension vscodevim.vim {"startup":true,"extensionId":{"value":"vscodevim.vim","_lower":"vscodevim.vim"},"activationEvent":"*"}
[2020-03-23 10:53:48.441] [exthost] [info] ExtensionService#loadCommonJSModule file:///home/microsweet/.vscode-oss/extensions/vscodevim.vim-1.12.4/out/extension
[2020-03-23 10:53:48.793] [exthost] [info] eager extensions activated
[2020-03-23 10:56:35.660] [exthost] [info] ExtensionService#_doActivateExtension vscode.configuration-editing {"startup":false,"extensionId":{"value":"vscode.configuration-editing","_lower":"vscode.configuration-editing"},"activationEvent":"onLanguage:jsonc"}
[2020-03-23 10:56:35.660] [exthost] [info] ExtensionService#loadCommonJSModule file:///usr/lib/code/extensions/configuration-editing/dist/extension
[2020-03-23 10:56:35.668] [exthost] [info] ExtensionService#_doActivateExtension vscode.json-language-features {"startup":false,"extensionId":{"value":"vscode.json-language-features","_lower":"vscode.json-language-features"},"activationEvent":"onLanguage:jsonc"}
[2020-03-23 10:56:35.668] [exthost] [info] ExtensionService#loadCommonJSModule file:///usr/lib/code/extensions/json-language-features/client/dist/jsonMain
[2020-03-23 10:56:35.690] [exthost] [info] ExtensionService#_doActivateExtension vscode.typescript-language-features {"startup":false,"extensionId":{"value":"vscode.typescript-language-features","_lower":"vscode.typescript-language-features"},"activationEvent":"onLanguage:jsonc"}
[2020-03-23 10:56:35.690] [exthost] [info] ExtensionService#loadCommonJSModule file:///usr/lib/code/extensions/typescript-language-features/dist/extension
