[2020-03-23 14:28:04.566] [exthost] [info] extension host started
[2020-03-23 14:28:04.578] [exthost] [info] ExtensionService#_doActivateExtension vscode.debug-auto-launch {"startup":true,"extensionId":{"value":"vscode.debug-auto-launch","_lower":"vscode.debug-auto-launch"},"activationEvent":"*"}
[2020-03-23 14:28:04.578] [exthost] [info] ExtensionService#loadCommonJSModule file:///usr/lib/code/extensions/debug-auto-launch/dist/extension
[2020-03-23 14:28:04.581] [exthost] [info] ExtensionService#_doActivateExtension vscode.emmet {"startup":true,"extensionId":{"value":"vscode.emmet","_lower":"vscode.emmet"},"activationEvent":"*"}
[2020-03-23 14:28:04.581] [exthost] [info] ExtensionService#loadCommonJSModule file:///usr/lib/code/extensions/emmet/dist/extension
[2020-03-23 14:28:04.594] [exthost] [info] ExtensionService#_doActivateExtension vscode.git {"startup":true,"extensionId":{"value":"vscode.git","_lower":"vscode.git"},"activationEvent":"*"}
[2020-03-23 14:28:04.594] [exthost] [info] ExtensionService#loadCommonJSModule file:///usr/lib/code/extensions/git/dist/main
[2020-03-23 14:28:04.611] [exthost] [info] ExtensionService#_doActivateExtension vscode.merge-conflict {"startup":true,"extensionId":{"value":"vscode.merge-conflict","_lower":"vscode.merge-conflict"},"activationEvent":"*"}
[2020-03-23 14:28:04.611] [exthost] [info] ExtensionService#loadCommonJSModule file:///usr/lib/code/extensions/merge-conflict/dist/extension
[2020-03-23 14:28:04.612] [exthost] [info] ExtensionService#_doActivateExtension vscode.search-result {"startup":true,"extensionId":{"value":"vscode.search-result","_lower":"vscode.search-result"},"activationEvent":"*"}
[2020-03-23 14:28:04.612] [exthost] [info] ExtensionService#loadCommonJSModule file:///usr/lib/code/extensions/search-result/dist/extension.js
[2020-03-23 14:28:04.613] [exthost] [info] ExtensionService#_doActivateExtension vscode.vscode-account {"startup":true,"extensionId":{"value":"vscode.vscode-account","_lower":"vscode.vscode-account"},"activationEvent":"*"}
[2020-03-23 14:28:04.613] [exthost] [info] ExtensionService#loadCommonJSModule file:///usr/lib/code/extensions/vscode-account/dist/extension.js
[2020-03-23 14:28:04.614] [exthost] [info] ExtensionService#_doActivateExtension vscodevim.vim {"startup":true,"extensionId":{"value":"vscodevim.vim","_lower":"vscodevim.vim"},"activationEvent":"*"}
[2020-03-23 14:28:04.614] [exthost] [info] ExtensionService#loadCommonJSModule file:///home/microsweet/.vscode-oss/extensions/vscodevim.vim-1.13.1/out/extension
[2020-03-23 14:28:04.806] [exthost] [info] eager extensions activated
[2020-03-23 14:29:12.312] [exthost] [info] ExtensionService#_doActivateExtension vscode.configuration-editing {"startup":false,"extensionId":{"value":"vscode.configuration-editing","_lower":"vscode.configuration-editing"},"activationEvent":"onLanguage:json"}
[2020-03-23 14:29:12.313] [exthost] [info] ExtensionService#loadCommonJSModule file:///usr/lib/code/extensions/configuration-editing/dist/extension
[2020-03-23 14:29:12.317] [exthost] [info] ExtensionService#_doActivateExtension vscode.extension-editing {"startup":false,"extensionId":{"value":"vscode.extension-editing","_lower":"vscode.extension-editing"},"activationEvent":"onLanguage:json"}
[2020-03-23 14:29:12.317] [exthost] [info] ExtensionService#loadCommonJSModule file:///usr/lib/code/extensions/extension-editing/dist/extension
[2020-03-23 14:29:12.327] [exthost] [info] ExtensionService#_doActivateExtension vscode.json-language-features {"startup":false,"extensionId":{"value":"vscode.json-language-features","_lower":"vscode.json-language-features"},"activationEvent":"onLanguage:json"}
[2020-03-23 14:29:12.327] [exthost] [info] ExtensionService#loadCommonJSModule file:///usr/lib/code/extensions/json-language-features/client/dist/jsonMain
[2020-03-23 14:29:12.348] [exthost] [info] ExtensionService#_doActivateExtension vscode.npm {"startup":false,"extensionId":{"value":"vscode.npm","_lower":"vscode.npm"},"activationEvent":"onLanguage:json"}
[2020-03-23 14:29:12.348] [exthost] [info] ExtensionService#loadCommonJSModule file:///usr/lib/code/extensions/npm/dist/main
[2020-03-23 14:29:12.357] [exthost] [info] ExtensionService#_doActivateExtension vscode.typescript-language-features {"startup":false,"extensionId":{"value":"vscode.typescript-language-features","_lower":"vscode.typescript-language-features"},"activationEvent":"onLanguage:javascript"}
[2020-03-23 14:29:12.357] [exthost] [info] ExtensionService#loadCommonJSModule file:///usr/lib/code/extensions/typescript-language-features/dist/extension
[2020-03-23 14:29:22.115] [exthost] [info] ExtensionService#_doActivateExtension ms-vscode.Go {"startup":false,"extensionId":{"value":"ms-vscode.Go","_lower":"ms-vscode.go"},"activationEvent":"workspaceContains:**/*.go"}
[2020-03-23 14:29:22.115] [exthost] [info] ExtensionService#loadCommonJSModule file:///home/microsweet/.vscode-oss/extensions/ms-vscode.go-0.13.1/out/src/goMain
[2020-03-23 14:30:03.053] [exthost] [info] extension host started
[2020-03-23 14:30:03.059] [exthost] [info] ExtensionService#_doActivateExtension vscode.debug-auto-launch {"startup":true,"extensionId":{"value":"vscode.debug-auto-launch","_lower":"vscode.debug-auto-launch"},"activationEvent":"*"}
[2020-03-23 14:30:03.059] [exthost] [info] ExtensionService#loadCommonJSModule file:///usr/lib/code/extensions/debug-auto-launch/dist/extension
[2020-03-23 14:30:03.061] [exthost] [info] ExtensionService#_doActivateExtension vscode.emmet {"startup":true,"extensionId":{"value":"vscode.emmet","_lower":"vscode.emmet"},"activationEvent":"*"}
[2020-03-23 14:30:03.061] [exthost] [info] ExtensionService#loadCommonJSModule file:///usr/lib/code/extensions/emmet/dist/extension
[2020-03-23 14:30:03.069] [exthost] [info] ExtensionService#_doActivateExtension vscode.git {"startup":true,"extensionId":{"value":"vscode.git","_lower":"vscode.git"},"activationEvent":"*"}
[2020-03-23 14:30:03.069] [exthost] [info] ExtensionService#loadCommonJSModule file:///usr/lib/code/extensions/git/dist/main
[2020-03-23 14:30:03.079] [exthost] [info] ExtensionService#_doActivateExtension vscode.merge-conflict {"startup":true,"extensionId":{"value":"vscode.merge-conflict","_lower":"vscode.merge-conflict"},"activationEvent":"*"}
[2020-03-23 14:30:03.079] [exthost] [info] ExtensionService#loadCommonJSModule file:///usr/lib/code/extensions/merge-conflict/dist/extension
[2020-03-23 14:30:03.080] [exthost] [info] ExtensionService#_doActivateExtension vscode.search-result {"startup":true,"extensionId":{"value":"vscode.search-result","_lower":"vscode.search-result"},"activationEvent":"*"}
[2020-03-23 14:30:03.080] [exthost] [info] ExtensionService#loadCommonJSModule file:///usr/lib/code/extensions/search-result/dist/extension.js
[2020-03-23 14:30:03.080] [exthost] [info] ExtensionService#_doActivateExtension vscode.vscode-account {"startup":true,"extensionId":{"value":"vscode.vscode-account","_lower":"vscode.vscode-account"},"activationEvent":"*"}
[2020-03-23 14:30:03.080] [exthost] [info] ExtensionService#loadCommonJSModule file:///usr/lib/code/extensions/vscode-account/dist/extension.js
[2020-03-23 14:30:03.081] [exthost] [info] ExtensionService#_doActivateExtension vscodevim.vim {"startup":true,"extensionId":{"value":"vscodevim.vim","_lower":"vscodevim.vim"},"activationEvent":"*"}
[2020-03-23 14:30:03.081] [exthost] [info] ExtensionService#loadCommonJSModule file:///home/microsweet/.vscode-oss/extensions/vscodevim.vim-1.13.1/out/extension
[2020-03-23 14:30:03.383] [exthost] [info] ExtensionService#_doActivateExtension ms-vscode.Go {"startup":true,"extensionId":{"value":"ms-vscode.Go","_lower":"ms-vscode.go"},"activationEvent":"workspaceContains:**/*.go"}
[2020-03-23 14:30:03.383] [exthost] [info] ExtensionService#loadCommonJSModule file:///home/microsweet/.vscode-oss/extensions/ms-vscode.go-0.13.1/out/src/goMain
[2020-03-23 14:30:03.529] [exthost] [info] eager extensions activated
[2020-03-23 14:30:05.183] [exthost] [info] ExtensionService#_doActivateExtension windmilleng.vscode-go-autotest {"startup":false,"extensionId":{"value":"windmilleng.vscode-go-autotest","_lower":"windmilleng.vscode-go-autotest"},"activationEvent":"onLanguage:go"}
[2020-03-23 14:30:05.184] [exthost] [info] ExtensionService#loadCommonJSModule file:///home/microsweet/.vscode-oss/extensions/windmilleng.vscode-go-autotest-1.6.0/out/src/goMain
[2020-03-23 14:30:58.102] [exthost] [info] ExtensionService#_doActivateExtension vscode.debug-server-ready {"startup":false,"extensionId":{"value":"vscode.debug-server-ready","_lower":"vscode.debug-server-ready"},"activationEvent":"onDebugResolve"}
[2020-03-23 14:30:58.102] [exthost] [info] ExtensionService#loadCommonJSModule file:///usr/lib/code/extensions/debug-server-ready/dist/extension
[2020-03-23 14:31:00.536] [exthost] [info] ExtensionService#_doActivateExtension ms-vscode.node-debug2 {"startup":false,"extensionId":{"value":"ms-vscode.node-debug","_lower":"ms-vscode.node-debug"},"activationEvent":"onDebugInitialConfigurations"}
[2020-03-23 14:31:00.536] [exthost] [info] ExtensionService#loadCommonJSModule file:///usr/lib/code/extensions/ms-vscode.node-debug2/out/src/extension
[2020-03-23 14:31:00.544] [exthost] [info] ExtensionService#_doActivateExtension ms-vscode.node-debug {"startup":false,"extensionId":{"value":"ms-vscode.node-debug","_lower":"ms-vscode.node-debug"},"activationEvent":"onDebugInitialConfigurations"}
[2020-03-23 14:31:00.544] [exthost] [info] ExtensionService#loadCommonJSModule file:///usr/lib/code/extensions/ms-vscode.node-debug/dist/extension.js
[2020-03-23 14:31:00.595] [exthost] [info] ExtensionService#_doActivateExtension vscode.configuration-editing {"startup":false,"extensionId":{"value":"vscode.configuration-editing","_lower":"vscode.configuration-editing"},"activationEvent":"onLanguage:jsonc"}
[2020-03-23 14:31:00.595] [exthost] [info] ExtensionService#loadCommonJSModule file:///usr/lib/code/extensions/configuration-editing/dist/extension
[2020-03-23 14:31:00.598] [exthost] [info] ExtensionService#_doActivateExtension vscode.json-language-features {"startup":false,"extensionId":{"value":"vscode.json-language-features","_lower":"vscode.json-language-features"},"activationEvent":"onLanguage:jsonc"}
[2020-03-23 14:31:00.598] [exthost] [info] ExtensionService#loadCommonJSModule file:///usr/lib/code/extensions/json-language-features/client/dist/jsonMain
[2020-03-23 14:31:00.620] [exthost] [info] ExtensionService#_doActivateExtension vscode.typescript-language-features {"startup":false,"extensionId":{"value":"vscode.typescript-language-features","_lower":"vscode.typescript-language-features"},"activationEvent":"onLanguage:jsonc"}
[2020-03-23 14:31:00.620] [exthost] [info] ExtensionService#loadCommonJSModule file:///usr/lib/code/extensions/typescript-language-features/dist/extension
[2020-03-23 14:32:27.485] [exthost] [info] ExtensionService#_doActivateExtension vscode.extension-editing {"startup":false,"extensionId":{"value":"vscode.extension-editing","_lower":"vscode.extension-editing"},"activationEvent":"onLanguage:json"}
[2020-03-23 14:32:27.485] [exthost] [info] ExtensionService#loadCommonJSModule file:///usr/lib/code/extensions/extension-editing/dist/extension
[2020-03-23 14:32:27.490] [exthost] [info] ExtensionService#_doActivateExtension vscode.npm {"startup":false,"extensionId":{"value":"vscode.npm","_lower":"vscode.npm"},"activationEvent":"onLanguage:json"}
[2020-03-23 14:32:27.490] [exthost] [info] ExtensionService#loadCommonJSModule file:///usr/lib/code/extensions/npm/dist/main
[2020-03-23 14:35:09.362] [exthost] [warning] TextEditor is closed/disposed
[2020-03-23 14:35:09.362] [exthost] [warning] TextEditor is closed/disposed
[2020-03-23 14:38:39.283] [exthost] [error] [vscode.json-language-features] provider FAILED
[2020-03-23 14:38:39.283] [exthost] [error] Error: Invalid arguments
	at new g (/usr/lib/code/out/vs/workbench/services/extensions/node/extensionHostProcess.js:372:70)
	at new g (/usr/lib/code/out/vs/workbench/services/extensions/node/extensionHostProcess.js:369:561)
	at g (/usr/lib/code/extensions/json-language-features/client/dist/jsonMain.js:9:96437)
	at /usr/lib/code/extensions/json-language-features/client/dist/jsonMain.js:9:97707
	at C (/usr/lib/code/extensions/json-language-features/client/dist/jsonMain.js:9:97957)
[2020-03-23 14:38:39.614] [exthost] [error] [vscode.json-language-features] provider FAILED
[2020-03-23 14:38:39.614] [exthost] [error] Error: Invalid arguments
	at new g (/usr/lib/code/out/vs/workbench/services/extensions/node/extensionHostProcess.js:372:70)
	at new g (/usr/lib/code/out/vs/workbench/services/extensions/node/extensionHostProcess.js:369:561)
	at g (/usr/lib/code/extensions/json-language-features/client/dist/jsonMain.js:9:96437)
	at /usr/lib/code/extensions/json-language-features/client/dist/jsonMain.js:9:97707
	at C (/usr/lib/code/extensions/json-language-features/client/dist/jsonMain.js:9:97957)
[2020-03-23 14:38:39.744] [exthost] [error] [vscode.json-language-features] provider FAILED
[2020-03-23 14:38:39.745] [exthost] [error] Error: Invalid arguments
	at new g (/usr/lib/code/out/vs/workbench/services/extensions/node/extensionHostProcess.js:372:70)
	at new g (/usr/lib/code/out/vs/workbench/services/extensions/node/extensionHostProcess.js:369:561)
	at g (/usr/lib/code/extensions/json-language-features/client/dist/jsonMain.js:9:96437)
	at /usr/lib/code/extensions/json-language-features/client/dist/jsonMain.js:9:97707
	at C (/usr/lib/code/extensions/json-language-features/client/dist/jsonMain.js:9:97957)
[2020-03-23 14:38:39.938] [exthost] [error] [vscode.json-language-features] provider FAILED
[2020-03-23 14:38:39.938] [exthost] [error] Error: Invalid arguments
	at new g (/usr/lib/code/out/vs/workbench/services/extensions/node/extensionHostProcess.js:372:70)
	at new g (/usr/lib/code/out/vs/workbench/services/extensions/node/extensionHostProcess.js:369:561)
	at g (/usr/lib/code/extensions/json-language-features/client/dist/jsonMain.js:9:96437)
	at /usr/lib/code/extensions/json-language-features/client/dist/jsonMain.js:9:97707
	at C (/usr/lib/code/extensions/json-language-features/client/dist/jsonMain.js:9:97957)
[2020-03-23 14:38:48.540] [exthost] [warning] TextEditor is closed/disposed
[2020-03-23 14:38:48.540] [exthost] [warning] TextEditor is closed/disposed
[2020-03-23 14:53:27.614] [exthost] [error] [ms-vscode.Go] provider FAILED
[2020-03-23 14:53:27.614] [exthost] [error] undefined
[2020-03-23 14:53:28.950] [exthost] [error] [ms-vscode.Go] provider FAILED
[2020-03-23 14:53:28.950] [exthost] [error] undefined
[2020-03-23 15:20:58.221] [exthost] [error] [vscode.json-language-features] provider FAILED
[2020-03-23 15:20:58.221] [exthost] [error] Error: Invalid arguments
	at new g (/usr/lib/code/out/vs/workbench/services/extensions/node/extensionHostProcess.js:372:70)
	at new g (/usr/lib/code/out/vs/workbench/services/extensions/node/extensionHostProcess.js:369:561)
	at g (/usr/lib/code/extensions/json-language-features/client/dist/jsonMain.js:9:96437)
	at /usr/lib/code/extensions/json-language-features/client/dist/jsonMain.js:9:97707
	at C (/usr/lib/code/extensions/json-language-features/client/dist/jsonMain.js:9:97957)
[2020-03-23 15:20:58.418] [exthost] [error] [vscode.json-language-features] provider FAILED
[2020-03-23 15:20:58.418] [exthost] [error] Error: Invalid arguments
	at new g (/usr/lib/code/out/vs/workbench/services/extensions/node/extensionHostProcess.js:372:70)
	at new g (/usr/lib/code/out/vs/workbench/services/extensions/node/extensionHostProcess.js:369:561)
	at g (/usr/lib/code/extensions/json-language-features/client/dist/jsonMain.js:9:96437)
	at /usr/lib/code/extensions/json-language-features/client/dist/jsonMain.js:9:97707
	at C (/usr/lib/code/extensions/json-language-features/client/dist/jsonMain.js:9:97957)
[2020-03-23 15:21:12.490] [exthost] [error] [vscode.json-language-features] provider FAILED
[2020-03-23 15:21:12.490] [exthost] [error] Error: Invalid arguments
	at new g (/usr/lib/code/out/vs/workbench/services/extensions/node/extensionHostProcess.js:372:70)
	at new g (/usr/lib/code/out/vs/workbench/services/extensions/node/extensionHostProcess.js:369:561)
	at g (/usr/lib/code/extensions/json-language-features/client/dist/jsonMain.js:9:96437)
	at /usr/lib/code/extensions/json-language-features/client/dist/jsonMain.js:9:97707
	at C (/usr/lib/code/extensions/json-language-features/client/dist/jsonMain.js:9:97957)
[2020-03-23 15:21:12.729] [exthost] [error] [vscode.json-language-features] provider FAILED
[2020-03-23 15:21:12.729] [exthost] [error] Error: Invalid arguments
	at new g (/usr/lib/code/out/vs/workbench/services/extensions/node/extensionHostProcess.js:372:70)
	at new g (/usr/lib/code/out/vs/workbench/services/extensions/node/extensionHostProcess.js:369:561)
	at g (/usr/lib/code/extensions/json-language-features/client/dist/jsonMain.js:9:96437)
	at /usr/lib/code/extensions/json-language-features/client/dist/jsonMain.js:9:97707
	at C (/usr/lib/code/extensions/json-language-features/client/dist/jsonMain.js:9:97957)
[2020-03-23 15:21:14.060] [exthost] [error] [vscode.json-language-features] provider FAILED
[2020-03-23 15:21:14.060] [exthost] [error] Error: Invalid arguments
	at new g (/usr/lib/code/out/vs/workbench/services/extensions/node/extensionHostProcess.js:372:70)
	at new g (/usr/lib/code/out/vs/workbench/services/extensions/node/extensionHostProcess.js:369:561)
	at g (/usr/lib/code/extensions/json-language-features/client/dist/jsonMain.js:9:96437)
	at /usr/lib/code/extensions/json-language-features/client/dist/jsonMain.js:9:97707
	at C (/usr/lib/code/extensions/json-language-features/client/dist/jsonMain.js:9:97957)
[2020-03-23 15:21:14.241] [exthost] [error] [vscode.json-language-features] provider FAILED
[2020-03-23 15:21:14.242] [exthost] [error] Error: Invalid arguments
	at new g (/usr/lib/code/out/vs/workbench/services/extensions/node/extensionHostProcess.js:372:70)
	at new g (/usr/lib/code/out/vs/workbench/services/extensions/node/extensionHostProcess.js:369:561)
	at g (/usr/lib/code/extensions/json-language-features/client/dist/jsonMain.js:9:96437)
	at /usr/lib/code/extensions/json-language-features/client/dist/jsonMain.js:9:97707
	at C (/usr/lib/code/extensions/json-language-features/client/dist/jsonMain.js:9:97957)
[2020-03-23 15:21:15.499] [exthost] [error] [vscode.json-language-features] provider FAILED
[2020-03-23 15:21:15.499] [exthost] [error] Error: Invalid arguments
	at new g (/usr/lib/code/out/vs/workbench/services/extensions/node/extensionHostProcess.js:372:70)
	at new g (/usr/lib/code/out/vs/workbench/services/extensions/node/extensionHostProcess.js:369:561)
	at g (/usr/lib/code/extensions/json-language-features/client/dist/jsonMain.js:9:96437)
	at /usr/lib/code/extensions/json-language-features/client/dist/jsonMain.js:9:97707
	at C (/usr/lib/code/extensions/json-language-features/client/dist/jsonMain.js:9:97957)
[2020-03-23 15:21:19.343] [exthost] [error] [vscode.json-language-features] provider FAILED
[2020-03-23 15:21:19.343] [exthost] [error] Error: Invalid arguments
	at new g (/usr/lib/code/out/vs/workbench/services/extensions/node/extensionHostProcess.js:372:70)
	at new g (/usr/lib/code/out/vs/workbench/services/extensions/node/extensionHostProcess.js:369:561)
	at g (/usr/lib/code/extensions/json-language-features/client/dist/jsonMain.js:9:96437)
	at /usr/lib/code/extensions/json-language-features/client/dist/jsonMain.js:9:97707
	at C (/usr/lib/code/extensions/json-language-features/client/dist/jsonMain.js:9:97957)
[2020-03-23 15:24:43.938] [exthost] [error] [vscode.json-language-features] provider FAILED
[2020-03-23 15:24:43.939] [exthost] [error] Error: Invalid arguments
	at new g (/usr/lib/code/out/vs/workbench/services/extensions/node/extensionHostProcess.js:372:70)
	at new g (/usr/lib/code/out/vs/workbench/services/extensions/node/extensionHostProcess.js:369:561)
	at g (/usr/lib/code/extensions/json-language-features/client/dist/jsonMain.js:9:96437)
	at /usr/lib/code/extensions/json-language-features/client/dist/jsonMain.js:9:97707
	at C (/usr/lib/code/extensions/json-language-features/client/dist/jsonMain.js:9:97957)
[2020-03-23 15:24:44.153] [exthost] [error] [vscode.json-language-features] provider FAILED
[2020-03-23 15:24:44.153] [exthost] [error] Error: Invalid arguments
	at new g (/usr/lib/code/out/vs/workbench/services/extensions/node/extensionHostProcess.js:372:70)
	at new g (/usr/lib/code/out/vs/workbench/services/extensions/node/extensionHostProcess.js:369:561)
	at g (/usr/lib/code/extensions/json-language-features/client/dist/jsonMain.js:9:96437)
	at /usr/lib/code/extensions/json-language-features/client/dist/jsonMain.js:9:97707
	at C (/usr/lib/code/extensions/json-language-features/client/dist/jsonMain.js:9:97957)
[2020-03-23 15:24:46.145] [exthost] [error] [vscode.json-language-features] provider FAILED
[2020-03-23 15:24:46.145] [exthost] [error] Error: Invalid arguments
	at new g (/usr/lib/code/out/vs/workbench/services/extensions/node/extensionHostProcess.js:372:70)
	at new g (/usr/lib/code/out/vs/workbench/services/extensions/node/extensionHostProcess.js:369:561)
	at g (/usr/lib/code/extensions/json-language-features/client/dist/jsonMain.js:9:96437)
	at /usr/lib/code/extensions/json-language-features/client/dist/jsonMain.js:9:97707
	at C (/usr/lib/code/extensions/json-language-features/client/dist/jsonMain.js:9:97957)
[2020-03-23 15:24:46.369] [exthost] [error] [vscode.json-language-features] provider FAILED
[2020-03-23 15:24:46.369] [exthost] [error] Error: Invalid arguments
	at new g (/usr/lib/code/out/vs/workbench/services/extensions/node/extensionHostProcess.js:372:70)
	at new g (/usr/lib/code/out/vs/workbench/services/extensions/node/extensionHostProcess.js:369:561)
	at g (/usr/lib/code/extensions/json-language-features/client/dist/jsonMain.js:9:96437)
	at /usr/lib/code/extensions/json-language-features/client/dist/jsonMain.js:9:97707
	at C (/usr/lib/code/extensions/json-language-features/client/dist/jsonMain.js:9:97957)
[2020-03-23 15:26:08.159] [exthost] [error] [vscode.json-language-features] provider FAILED
[2020-03-23 15:26:08.159] [exthost] [error] Error: Invalid arguments
	at new g (/usr/lib/code/out/vs/workbench/services/extensions/node/extensionHostProcess.js:372:70)
	at new g (/usr/lib/code/out/vs/workbench/services/extensions/node/extensionHostProcess.js:369:561)
	at g (/usr/lib/code/extensions/json-language-features/client/dist/jsonMain.js:9:96437)
	at /usr/lib/code/extensions/json-language-features/client/dist/jsonMain.js:9:97707
	at C (/usr/lib/code/extensions/json-language-features/client/dist/jsonMain.js:9:97957)
[2020-03-23 15:26:08.541] [exthost] [error] [vscode.json-language-features] provider FAILED
[2020-03-23 15:26:08.541] [exthost] [error] Error: Invalid arguments
	at new g (/usr/lib/code/out/vs/workbench/services/extensions/node/extensionHostProcess.js:372:70)
	at new g (/usr/lib/code/out/vs/workbench/services/extensions/node/extensionHostProcess.js:369:561)
	at g (/usr/lib/code/extensions/json-language-features/client/dist/jsonMain.js:9:96437)
	at /usr/lib/code/extensions/json-language-features/client/dist/jsonMain.js:9:97707
	at C (/usr/lib/code/extensions/json-language-features/client/dist/jsonMain.js:9:97957)
[2020-03-23 15:26:11.529] [exthost] [error] [vscode.json-language-features] provider FAILED
[2020-03-23 15:26:11.529] [exthost] [error] Error: Invalid arguments
	at new g (/usr/lib/code/out/vs/workbench/services/extensions/node/extensionHostProcess.js:372:70)
	at new g (/usr/lib/code/out/vs/workbench/services/extensions/node/extensionHostProcess.js:369:561)
	at g (/usr/lib/code/extensions/json-language-features/client/dist/jsonMain.js:9:96437)
	at /usr/lib/code/extensions/json-language-features/client/dist/jsonMain.js:9:97707
	at C (/usr/lib/code/extensions/json-language-features/client/dist/jsonMain.js:9:97957)
[2020-03-23 15:26:15.254] [exthost] [error] [vscode.json-language-features] provider FAILED
[2020-03-23 15:26:15.254] [exthost] [error] Error: Invalid arguments
	at new g (/usr/lib/code/out/vs/workbench/services/extensions/node/extensionHostProcess.js:372:70)
	at new g (/usr/lib/code/out/vs/workbench/services/extensions/node/extensionHostProcess.js:369:561)
	at g (/usr/lib/code/extensions/json-language-features/client/dist/jsonMain.js:9:96437)
	at /usr/lib/code/extensions/json-language-features/client/dist/jsonMain.js:9:97707
	at C (/usr/lib/code/extensions/json-language-features/client/dist/jsonMain.js:9:97957)
[2020-03-23 15:36:43.306] [exthost] [warning] TextEditor is closed/disposed
[2020-03-23 15:36:43.307] [exthost] [warning] TextEditor is closed/disposed
[2020-03-23 15:37:03.736] [exthost] [error] [vscode.json-language-features] provider FAILED
[2020-03-23 15:37:03.736] [exthost] [error] Error: Invalid arguments
	at new g (/usr/lib/code/out/vs/workbench/services/extensions/node/extensionHostProcess.js:372:70)
	at new g (/usr/lib/code/out/vs/workbench/services/extensions/node/extensionHostProcess.js:369:561)
	at g (/usr/lib/code/extensions/json-language-features/client/dist/jsonMain.js:9:96437)
	at /usr/lib/code/extensions/json-language-features/client/dist/jsonMain.js:9:97707
	at C (/usr/lib/code/extensions/json-language-features/client/dist/jsonMain.js:9:97957)
[2020-03-23 15:37:04.322] [exthost] [error] [vscode.json-language-features] provider FAILED
[2020-03-23 15:37:04.322] [exthost] [error] Error: Invalid arguments
	at new g (/usr/lib/code/out/vs/workbench/services/extensions/node/extensionHostProcess.js:372:70)
	at new g (/usr/lib/code/out/vs/workbench/services/extensions/node/extensionHostProcess.js:369:561)
	at g (/usr/lib/code/extensions/json-language-features/client/dist/jsonMain.js:9:96437)
	at /usr/lib/code/extensions/json-language-features/client/dist/jsonMain.js:9:97707
	at C (/usr/lib/code/extensions/json-language-features/client/dist/jsonMain.js:9:97957)
[2020-03-23 15:37:06.046] [exthost] [error] [vscode.json-language-features] provider FAILED
[2020-03-23 15:37:06.046] [exthost] [error] Error: Invalid arguments
	at new g (/usr/lib/code/out/vs/workbench/services/extensions/node/extensionHostProcess.js:372:70)
	at new g (/usr/lib/code/out/vs/workbench/services/extensions/node/extensionHostProcess.js:369:561)
	at g (/usr/lib/code/extensions/json-language-features/client/dist/jsonMain.js:9:96437)
	at /usr/lib/code/extensions/json-language-features/client/dist/jsonMain.js:9:97707
	at C (/usr/lib/code/extensions/json-language-features/client/dist/jsonMain.js:9:97957)
[2020-03-23 15:37:06.267] [exthost] [error] [vscode.json-language-features] provider FAILED
[2020-03-23 15:37:06.267] [exthost] [error] Error: Invalid arguments
	at new g (/usr/lib/code/out/vs/workbench/services/extensions/node/extensionHostProcess.js:372:70)
	at new g (/usr/lib/code/out/vs/workbench/services/extensions/node/extensionHostProcess.js:369:561)
	at g (/usr/lib/code/extensions/json-language-features/client/dist/jsonMain.js:9:96437)
	at /usr/lib/code/extensions/json-language-features/client/dist/jsonMain.js:9:97707
	at C (/usr/lib/code/extensions/json-language-features/client/dist/jsonMain.js:9:97957)
[2020-03-23 15:38:09.759] [exthost] [warning] TextEditor is closed/disposed
[2020-03-23 15:38:09.759] [exthost] [warning] TextEditor is closed/disposed
[2020-03-23 15:38:17.642] [exthost] [warning] TextEditor is closed/disposed
[2020-03-23 15:38:17.642] [exthost] [warning] TextEditor is closed/disposed
[2020-03-23 15:38:59.996] [exthost] [warning] TextEditor is closed/disposed
[2020-03-23 15:38:59.996] [exthost] [warning] TextEditor is closed/disposed
[2020-03-23 15:39:02.731] [exthost] [warning] TextEditor is closed/disposed
[2020-03-23 15:39:02.731] [exthost] [warning] TextEditor is closed/disposed
[2020-03-23 15:40:31.746] [exthost] [warning] TextEditor is closed/disposed
[2020-03-23 15:40:31.746] [exthost] [warning] TextEditor is closed/disposed
[2020-03-23 15:40:37.337] [exthost] [warning] TextEditor is closed/disposed
[2020-03-23 15:40:37.337] [exthost] [warning] TextEditor is closed/disposed
[2020-03-23 15:41:48.031] [exthost] [warning] TextEditor is closed/disposed
[2020-03-23 15:41:48.031] [exthost] [warning] TextEditor is closed/disposed
[2020-03-23 15:41:48.872] [exthost] [warning] TextEditor is closed/disposed
[2020-03-23 15:41:48.872] [exthost] [warning] TextEditor is closed/disposed
[2020-03-23 15:41:49.218] [exthost] [warning] TextEditor is closed/disposed
[2020-03-23 15:41:49.218] [exthost] [warning] TextEditor is closed/disposed
[2020-03-23 15:41:49.545] [exthost] [warning] TextEditor is closed/disposed
[2020-03-23 15:41:49.545] [exthost] [warning] TextEditor is closed/disposed
[2020-03-23 15:41:49.897] [exthost] [warning] TextEditor is closed/disposed
[2020-03-23 15:41:49.897] [exthost] [warning] TextEditor is closed/disposed
[2020-03-23 15:41:50.381] [exthost] [warning] TextEditor is closed/disposed
[2020-03-23 15:41:50.381] [exthost] [warning] TextEditor is closed/disposed
[2020-03-23 15:42:29.132] [exthost] [warning] TextEditor is closed/disposed
[2020-03-23 15:42:29.132] [exthost] [warning] TextEditor is closed/disposed
[2020-03-23 15:43:25.219] [exthost] [warning] TextEditor is closed/disposed
[2020-03-23 15:43:25.219] [exthost] [warning] TextEditor is closed/disposed
[2020-03-23 15:43:30.348] [exthost] [warning] TextEditor is closed/disposed
[2020-03-23 15:43:30.348] [exthost] [warning] TextEditor is closed/disposed
[2020-03-23 15:43:35.989] [exthost] [warning] TextEditor is closed/disposed
[2020-03-23 15:43:35.989] [exthost] [warning] TextEditor is closed/disposed
[2020-03-23 15:43:36.506] [exthost] [warning] TextEditor is closed/disposed
[2020-03-23 15:43:36.506] [exthost] [warning] TextEditor is closed/disposed
[2020-03-23 15:43:36.988] [exthost] [warning] TextEditor is closed/disposed
[2020-03-23 15:43:36.988] [exthost] [warning] TextEditor is closed/disposed
[2020-03-23 15:43:37.260] [exthost] [warning] TextEditor is closed/disposed
[2020-03-23 15:43:37.260] [exthost] [warning] TextEditor is closed/disposed
[2020-03-23 15:43:37.603] [exthost] [warning] TextEditor is closed/disposed
[2020-03-23 15:43:37.603] [exthost] [warning] TextEditor is closed/disposed
[2020-03-23 15:43:37.861] [exthost] [warning] TextEditor is closed/disposed
[2020-03-23 15:43:37.861] [exthost] [warning] TextEditor is closed/disposed
[2020-03-23 15:43:38.351] [exthost] [warning] TextEditor is closed/disposed
[2020-03-23 15:43:38.351] [exthost] [warning] TextEditor is closed/disposed
[2020-03-23 15:43:38.895] [exthost] [warning] TextEditor is closed/disposed
[2020-03-23 15:43:38.895] [exthost] [warning] TextEditor is closed/disposed
[2020-03-23 15:43:39.447] [exthost] [warning] TextEditor is closed/disposed
[2020-03-23 15:43:39.447] [exthost] [warning] TextEditor is closed/disposed
[2020-03-23 15:43:39.844] [exthost] [warning] TextEditor is closed/disposed
[2020-03-23 15:43:39.844] [exthost] [warning] TextEditor is closed/disposed
[2020-03-23 15:43:40.233] [exthost] [warning] TextEditor is closed/disposed
[2020-03-23 15:43:40.233] [exthost] [warning] TextEditor is closed/disposed
[2020-03-23 15:43:40.603] [exthost] [warning] TextEditor is closed/disposed
[2020-03-23 15:43:40.603] [exthost] [warning] TextEditor is closed/disposed
[2020-03-23 15:43:41.118] [exthost] [warning] TextEditor is closed/disposed
[2020-03-23 15:43:41.118] [exthost] [warning] TextEditor is closed/disposed
[2020-03-23 15:43:41.511] [exthost] [warning] TextEditor is closed/disposed
[2020-03-23 15:43:41.511] [exthost] [warning] TextEditor is closed/disposed
[2020-03-23 16:31:11.103] [exthost] [error] [vscode.json-language-features] provider FAILED
[2020-03-23 16:31:11.103] [exthost] [error] Error: Invalid arguments
	at new g (/usr/lib/code/out/vs/workbench/services/extensions/node/extensionHostProcess.js:372:70)
	at new g (/usr/lib/code/out/vs/workbench/services/extensions/node/extensionHostProcess.js:369:561)
	at g (/usr/lib/code/extensions/json-language-features/client/dist/jsonMain.js:9:96437)
	at /usr/lib/code/extensions/json-language-features/client/dist/jsonMain.js:9:97707
	at C (/usr/lib/code/extensions/json-language-features/client/dist/jsonMain.js:9:97957)
[2020-03-23 16:31:11.390] [exthost] [error] [vscode.json-language-features] provider FAILED
[2020-03-23 16:31:11.390] [exthost] [error] Error: Invalid arguments
	at new g (/usr/lib/code/out/vs/workbench/services/extensions/node/extensionHostProcess.js:372:70)
	at new g (/usr/lib/code/out/vs/workbench/services/extensions/node/extensionHostProcess.js:369:561)
	at g (/usr/lib/code/extensions/json-language-features/client/dist/jsonMain.js:9:96437)
	at /usr/lib/code/extensions/json-language-features/client/dist/jsonMain.js:9:97707
	at C (/usr/lib/code/extensions/json-language-features/client/dist/jsonMain.js:9:97957)
[2020-03-23 16:31:12.183] [exthost] [error] [vscode.json-language-features] provider FAILED
[2020-03-23 16:31:12.183] [exthost] [error] Error: Invalid arguments
	at new g (/usr/lib/code/out/vs/workbench/services/extensions/node/extensionHostProcess.js:372:70)
	at new g (/usr/lib/code/out/vs/workbench/services/extensions/node/extensionHostProcess.js:369:561)
	at g (/usr/lib/code/extensions/json-language-features/client/dist/jsonMain.js:9:96437)
	at /usr/lib/code/extensions/json-language-features/client/dist/jsonMain.js:9:97707
	at C (/usr/lib/code/extensions/json-language-features/client/dist/jsonMain.js:9:97957)
[2020-03-23 16:33:08.386] [exthost] [warning] TextEditor is closed/disposed
[2020-03-23 16:33:08.386] [exthost] [warning] TextEditor is closed/disposed
[2020-03-23 16:33:09.012] [exthost] [warning] TextEditor is closed/disposed
[2020-03-23 16:33:09.012] [exthost] [warning] TextEditor is closed/disposed
[2020-03-23 16:33:09.445] [exthost] [warning] TextEditor is closed/disposed
[2020-03-23 16:33:09.445] [exthost] [warning] TextEditor is closed/disposed
[2020-03-23 16:33:17.230] [exthost] [warning] TextEditor is closed/disposed
[2020-03-23 16:33:17.230] [exthost] [warning] TextEditor is closed/disposed
