正在查找 Git: git
将使用位于 git 的 Git 2.25.1
> git rev-parse --show-toplevel
> git rev-parse --git-dir
Open repository: /home/microsweet/go/src/go_setup
> git status -z -u
> git symbolic-ref --short HEAD
> git rev-parse master
> git rev-parse --symbolic-full-name master@{u}
> git rev-list --left-right master...refs/remotes/origin/master
> git for-each-ref --format %(refname) %(objectname) --sort -committerdate
> git remote --verbose
Failed to watch ref '/home/microsweet/go/src/go_setup/.git/refs/remotes/origin/master', is most likely packed.
Error: ENOENT: no such file or directory, watch '/home/microsweet/go/src/go_setup/.git/refs/remotes/origin/master'
	at FSWatcher.start (internal/fs/watchers.js:165:26)
	at Object.watch (fs.js:1270:11)
	at Object.t.watch (/usr/lib/code/extensions/git/dist/main.js:1:592073)
	at E.updateTransientWatchers (/usr/lib/code/extensions/git/dist/main.js:1:123277)
	at l.fire (/usr/lib/code/out/vs/workbench/services/extensions/node/extensionHostProcess.js:48:561)
	at R.updateModelState (/usr/lib/code/extensions/git/dist/main.js:1:142135)
> git config --get commit.template
> git check-ignore -v -z --stdin
> git show :hello.go
> git ls-files --stage -- /home/microsweet/go/src/go_setup/hello.go
> git cat-file -s 2d1fb6046fe8d5238ffa8fc225cdd3323aa47845
> git show :.vscode/launch.json
> git ls-files --stage -- /home/microsweet/go/src/go_setup/.vscode/launch.json
> git check-ignore -v -z --stdin
> git status -z -u
> git symbolic-ref --short HEAD
> git rev-parse master
> git rev-parse --symbolic-full-name master@{u}
> git rev-list --left-right master...refs/remotes/origin/master
> git for-each-ref --format %(refname) %(objectname) --sort -committerdate
> git remote --verbose
Failed to watch ref '/home/microsweet/go/src/go_setup/.git/refs/remotes/origin/master', is most likely packed.
Error: ENOENT: no such file or directory, watch '/home/microsweet/go/src/go_setup/.git/refs/remotes/origin/master'
	at FSWatcher.start (internal/fs/watchers.js:165:26)
	at Object.watch (fs.js:1270:11)
	at Object.t.watch (/usr/lib/code/extensions/git/dist/main.js:1:592073)
	at E.updateTransientWatchers (/usr/lib/code/extensions/git/dist/main.js:1:123277)
	at l.fire (/usr/lib/code/out/vs/workbench/services/extensions/node/extensionHostProcess.js:48:561)
	at R.updateModelState (/usr/lib/code/extensions/git/dist/main.js:1:142135)
> git config --get commit.template
> git show :hello.go
> git ls-files --stage -- /home/microsweet/go/src/go_setup/hello.go
> git cat-file -s 2d1fb6046fe8d5238ffa8fc225cdd3323aa47845
> git show :.vscode/launch.json
> git ls-files --stage -- /home/microsweet/go/src/go_setup/.vscode/launch.json
> git show :hello.go
> git ls-files --stage -- /home/microsweet/go/src/go_setup/hello.go
> git cat-file -s 2d1fb6046fe8d5238ffa8fc225cdd3323aa47845
> git show :.vscode/launch.json
> git ls-files --stage -- /home/microsweet/go/src/go_setup/.vscode/launch.json
> git status -z -u
> git symbolic-ref --short HEAD
> git rev-parse master
> git rev-parse --symbolic-full-name master@{u}
> git rev-list --left-right master...refs/remotes/origin/master
> git for-each-ref --format %(refname) %(objectname) --sort -committerdate
> git remote --verbose
Failed to watch ref '/home/microsweet/go/src/go_setup/.git/refs/remotes/origin/master', is most likely packed.
Error: ENOENT: no such file or directory, watch '/home/microsweet/go/src/go_setup/.git/refs/remotes/origin/master'
	at FSWatcher.start (internal/fs/watchers.js:165:26)
	at Object.watch (fs.js:1270:11)
	at Object.t.watch (/usr/lib/code/extensions/git/dist/main.js:1:592073)
	at E.updateTransientWatchers (/usr/lib/code/extensions/git/dist/main.js:1:123277)
	at l.fire (/usr/lib/code/out/vs/workbench/services/extensions/node/extensionHostProcess.js:48:561)
	at R.updateModelState (/usr/lib/code/extensions/git/dist/main.js:1:142135)
> git config --get commit.template
> git show :hello.go
> git ls-files --stage -- /home/microsweet/go/src/go_setup/hello.go
> git cat-file -s 2d1fb6046fe8d5238ffa8fc225cdd3323aa47845
> git show :.vscode/launch.json
> git ls-files --stage -- /home/microsweet/go/src/go_setup/.vscode/launch.json
> git show :hello.go
> git ls-files --stage -- /home/microsweet/go/src/go_setup/hello.go
> git cat-file -s 2d1fb6046fe8d5238ffa8fc225cdd3323aa47845
> git show :.vscode/launch.json
> git ls-files --stage -- /home/microsweet/go/src/go_setup/.vscode/launch.json
> git status -z -u
> git symbolic-ref --short HEAD
> git rev-parse master
> git rev-parse --symbolic-full-name master@{u}
> git rev-list --left-right master...refs/remotes/origin/master
> git for-each-ref --format %(refname) %(objectname) --sort -committerdate
> git remote --verbose
Failed to watch ref '/home/microsweet/go/src/go_setup/.git/refs/remotes/origin/master', is most likely packed.
Error: ENOENT: no such file or directory, watch '/home/microsweet/go/src/go_setup/.git/refs/remotes/origin/master'
	at FSWatcher.start (internal/fs/watchers.js:165:26)
	at Object.watch (fs.js:1270:11)
	at Object.t.watch (/usr/lib/code/extensions/git/dist/main.js:1:592073)
	at E.updateTransientWatchers (/usr/lib/code/extensions/git/dist/main.js:1:123277)
	at l.fire (/usr/lib/code/out/vs/workbench/services/extensions/node/extensionHostProcess.js:48:561)
	at R.updateModelState (/usr/lib/code/extensions/git/dist/main.js:1:142135)
> git config --get commit.template
> git show :hello.go
> git ls-files --stage -- /home/microsweet/go/src/go_setup/hello.go
> git cat-file -s 2d1fb6046fe8d5238ffa8fc225cdd3323aa47845
> git show :.vscode/launch.json
> git ls-files --stage -- /home/microsweet/go/src/go_setup/.vscode/launch.json
> git show :.vimspector.json
> git ls-files --stage -- /home/microsweet/go/src/go_setup/.vimspector.json
> git show :.vscode/launch.json
> git ls-files --stage -- /home/microsweet/go/src/go_setup/.vscode/launch.json
> git show :.vimspector.json
> git ls-files --stage -- /home/microsweet/go/src/go_setup/.vimspector.json
> git show :.vscode/launch.json
> git ls-files --stage -- /home/microsweet/go/src/go_setup/.vscode/launch.json
> git status -z -u
> git symbolic-ref --short HEAD
> git rev-parse master
> git rev-parse --symbolic-full-name master@{u}
> git rev-list --left-right master...refs/remotes/origin/master
> git for-each-ref --format %(refname) %(objectname) --sort -committerdate
> git remote --verbose
Failed to watch ref '/home/microsweet/go/src/go_setup/.git/refs/remotes/origin/master', is most likely packed.
Error: ENOENT: no such file or directory, watch '/home/microsweet/go/src/go_setup/.git/refs/remotes/origin/master'
	at FSWatcher.start (internal/fs/watchers.js:165:26)
	at Object.watch (fs.js:1270:11)
	at Object.t.watch (/usr/lib/code/extensions/git/dist/main.js:1:592073)
	at E.updateTransientWatchers (/usr/lib/code/extensions/git/dist/main.js:1:123277)
	at l.fire (/usr/lib/code/out/vs/workbench/services/extensions/node/extensionHostProcess.js:48:561)
	at R.updateModelState (/usr/lib/code/extensions/git/dist/main.js:1:142135)
> git config --get commit.template
> git show :hello.go
> git ls-files --stage -- /home/microsweet/go/src/go_setup/hello.go
> git cat-file -s 2d1fb6046fe8d5238ffa8fc225cdd3323aa47845
> git show :.vscode/launch.json
> git ls-files --stage -- /home/microsweet/go/src/go_setup/.vscode/launch.json
> git status -z -u
> git symbolic-ref --short HEAD
> git rev-parse master
> git rev-parse --symbolic-full-name master@{u}
> git rev-list --left-right master...refs/remotes/origin/master
> git for-each-ref --format %(refname) %(objectname) --sort -committerdate
> git remote --verbose
Failed to watch ref '/home/microsweet/go/src/go_setup/.git/refs/remotes/origin/master', is most likely packed.
Error: ENOENT: no such file or directory, watch '/home/microsweet/go/src/go_setup/.git/refs/remotes/origin/master'
	at FSWatcher.start (internal/fs/watchers.js:165:26)
	at Object.watch (fs.js:1270:11)
	at Object.t.watch (/usr/lib/code/extensions/git/dist/main.js:1:592073)
	at E.updateTransientWatchers (/usr/lib/code/extensions/git/dist/main.js:1:123277)
	at l.fire (/usr/lib/code/out/vs/workbench/services/extensions/node/extensionHostProcess.js:48:561)
	at R.updateModelState (/usr/lib/code/extensions/git/dist/main.js:1:142135)
> git config --get commit.template
> git show :hello.go
> git ls-files --stage -- /home/microsweet/go/src/go_setup/hello.go
> git cat-file -s 2d1fb6046fe8d5238ffa8fc225cdd3323aa47845
> git show :.vscode/launch.json
> git ls-files --stage -- /home/microsweet/go/src/go_setup/.vscode/launch.json
> git show :hello.go
> git ls-files --stage -- /home/microsweet/go/src/go_setup/hello.go
> git cat-file -s 2d1fb6046fe8d5238ffa8fc225cdd3323aa47845
> git show :.vscode/launch.json
> git ls-files --stage -- /home/microsweet/go/src/go_setup/.vscode/launch.json
> git show :.vimspector.json
> git ls-files --stage -- /home/microsweet/go/src/go_setup/.vimspector.json
> git show :.vscode/launch.json
> git ls-files --stage -- /home/microsweet/go/src/go_setup/.vscode/launch.json
> git show :.vimspector.json
> git ls-files --stage -- /home/microsweet/go/src/go_setup/.vimspector.json
> git show :.vscode/launch.json
> git ls-files --stage -- /home/microsweet/go/src/go_setup/.vscode/launch.json
> git show :.vimspector.json
> git ls-files --stage -- /home/microsweet/go/src/go_setup/.vimspector.json
> git show :.vscode/launch.json
> git ls-files --stage -- /home/microsweet/go/src/go_setup/.vscode/launch.json
> git show :.vimspector.json
> git ls-files --stage -- /home/microsweet/go/src/go_setup/.vimspector.json
> git show :.vscode/launch.json
> git ls-files --stage -- /home/microsweet/go/src/go_setup/.vscode/launch.json
> git status -z -u
> git symbolic-ref --short HEAD
> git rev-parse master
> git rev-parse --symbolic-full-name master@{u}
> git rev-list --left-right master...refs/remotes/origin/master
> git for-each-ref --format %(refname) %(objectname) --sort -committerdate
> git remote --verbose
Failed to watch ref '/home/microsweet/go/src/go_setup/.git/refs/remotes/origin/master', is most likely packed.
Error: ENOENT: no such file or directory, watch '/home/microsweet/go/src/go_setup/.git/refs/remotes/origin/master'
	at FSWatcher.start (internal/fs/watchers.js:165:26)
	at Object.watch (fs.js:1270:11)
	at Object.t.watch (/usr/lib/code/extensions/git/dist/main.js:1:592073)
	at E.updateTransientWatchers (/usr/lib/code/extensions/git/dist/main.js:1:123277)
	at l.fire (/usr/lib/code/out/vs/workbench/services/extensions/node/extensionHostProcess.js:48:561)
	at R.updateModelState (/usr/lib/code/extensions/git/dist/main.js:1:142135)
> git config --get commit.template
> git show :.vimspector.json
> git ls-files --stage -- /home/microsweet/go/src/go_setup/.vimspector.json
> git show :.vscode/launch.json
> git ls-files --stage -- /home/microsweet/go/src/go_setup/.vscode/launch.json
> git show :.vimspector.json
> git ls-files --stage -- /home/microsweet/go/src/go_setup/.vimspector.json
> git show :hello.go
> git ls-files --stage -- /home/microsweet/go/src/go_setup/hello.go
> git cat-file -s 2d1fb6046fe8d5238ffa8fc225cdd3323aa47845
> git show :main.go
> git ls-files --stage -- /home/microsweet/go/src/go_setup/main.go
> git check-ignore -v -z --stdin
> git status -z -u
> git symbolic-ref --short HEAD
> git rev-parse master
> git rev-parse --symbolic-full-name master@{u}
> git rev-list --left-right master...refs/remotes/origin/master
> git for-each-ref --format %(refname) %(objectname) --sort -committerdate
> git remote --verbose
Failed to watch ref '/home/microsweet/go/src/go_setup/.git/refs/remotes/origin/master', is most likely packed.
Error: ENOENT: no such file or directory, watch '/home/microsweet/go/src/go_setup/.git/refs/remotes/origin/master'
	at FSWatcher.start (internal/fs/watchers.js:165:26)
	at Object.watch (fs.js:1270:11)
	at Object.t.watch (/usr/lib/code/extensions/git/dist/main.js:1:592073)
	at E.updateTransientWatchers (/usr/lib/code/extensions/git/dist/main.js:1:123277)
	at l.fire (/usr/lib/code/out/vs/workbench/services/extensions/node/extensionHostProcess.js:48:561)
	at R.updateModelState (/usr/lib/code/extensions/git/dist/main.js:1:142135)
> git config --get commit.template
> git show :.vscode/launch.json
> git ls-files --stage -- /home/microsweet/go/src/go_setup/.vscode/launch.json
> git status -z -u
> git symbolic-ref --short HEAD
> git rev-parse master
> git rev-parse --symbolic-full-name master@{u}
> git rev-list --left-right master...refs/remotes/origin/master
> git for-each-ref --format %(refname) %(objectname) --sort -committerdate
> git remote --verbose
Failed to watch ref '/home/microsweet/go/src/go_setup/.git/refs/remotes/origin/master', is most likely packed.
Error: ENOENT: no such file or directory, watch '/home/microsweet/go/src/go_setup/.git/refs/remotes/origin/master'
	at FSWatcher.start (internal/fs/watchers.js:165:26)
	at Object.watch (fs.js:1270:11)
	at Object.t.watch (/usr/lib/code/extensions/git/dist/main.js:1:592073)
	at E.updateTransientWatchers (/usr/lib/code/extensions/git/dist/main.js:1:123277)
	at l.fire (/usr/lib/code/out/vs/workbench/services/extensions/node/extensionHostProcess.js:48:561)
	at R.updateModelState (/usr/lib/code/extensions/git/dist/main.js:1:142135)
> git config --get commit.template
> git show :main.go
> git ls-files --stage -- /home/microsweet/go/src/go_setup/main.go
> git show :.vscode/launch.json
> git ls-files --stage -- /home/microsweet/go/src/go_setup/.vscode/launch.json
> git show :main.go
> git ls-files --stage -- /home/microsweet/go/src/go_setup/main.go
> git show :hello.go
> git ls-files --stage -- /home/microsweet/go/src/go_setup/hello.go
> git cat-file -s 2d1fb6046fe8d5238ffa8fc225cdd3323aa47845
> git status -z -u
> git symbolic-ref --short HEAD
> git rev-parse master
> git rev-parse --symbolic-full-name master@{u}
> git rev-list --left-right master...refs/remotes/origin/master
> git for-each-ref --format %(refname) %(objectname) --sort -committerdate
> git remote --verbose
Failed to watch ref '/home/microsweet/go/src/go_setup/.git/refs/remotes/origin/master', is most likely packed.
Error: ENOENT: no such file or directory, watch '/home/microsweet/go/src/go_setup/.git/refs/remotes/origin/master'
	at FSWatcher.start (internal/fs/watchers.js:165:26)
	at Object.watch (fs.js:1270:11)
	at Object.t.watch (/usr/lib/code/extensions/git/dist/main.js:1:592073)
	at E.updateTransientWatchers (/usr/lib/code/extensions/git/dist/main.js:1:123277)
	at l.fire (/usr/lib/code/out/vs/workbench/services/extensions/node/extensionHostProcess.js:48:561)
	at R.updateModelState (/usr/lib/code/extensions/git/dist/main.js:1:142135)
> git config --get commit.template
> git status -z -u
> git symbolic-ref --short HEAD
> git rev-parse master
> git rev-parse --symbolic-full-name master@{u}
> git ls-files --stage -- /home/microsweet/go/src/go_setup/hello.go
> git rev-list --left-right master...refs/remotes/origin/master
> git cat-file -s 2d1fb6046fe8d5238ffa8fc225cdd3323aa47845
> git for-each-ref --format %(refname) %(objectname) --sort -committerdate
> git remote --verbose
Failed to watch ref '/home/microsweet/go/src/go_setup/.git/refs/remotes/origin/master', is most likely packed.
Error: ENOENT: no such file or directory, watch '/home/microsweet/go/src/go_setup/.git/refs/remotes/origin/master'
	at FSWatcher.start (internal/fs/watchers.js:165:26)
	at Object.watch (fs.js:1270:11)
	at Object.t.watch (/usr/lib/code/extensions/git/dist/main.js:1:592073)
	at E.updateTransientWatchers (/usr/lib/code/extensions/git/dist/main.js:1:123277)
	at l.fire (/usr/lib/code/out/vs/workbench/services/extensions/node/extensionHostProcess.js:48:561)
	at R.updateModelState (/usr/lib/code/extensions/git/dist/main.js:1:142135)
> git show :hello.go
> git config --get commit.template
> git status -z -u
> git symbolic-ref --short HEAD
> git rev-parse master
> git rev-parse --symbolic-full-name master@{u}
> git rev-list --left-right master...refs/remotes/origin/master
> git for-each-ref --format %(refname) %(objectname) --sort -committerdate
> git remote --verbose
Failed to watch ref '/home/microsweet/go/src/go_setup/.git/refs/remotes/origin/master', is most likely packed.
Error: ENOENT: no such file or directory, watch '/home/microsweet/go/src/go_setup/.git/refs/remotes/origin/master'
	at FSWatcher.start (internal/fs/watchers.js:165:26)
	at Object.watch (fs.js:1270:11)
	at Object.t.watch (/usr/lib/code/extensions/git/dist/main.js:1:592073)
	at E.updateTransientWatchers (/usr/lib/code/extensions/git/dist/main.js:1:123277)
	at l.fire (/usr/lib/code/out/vs/workbench/services/extensions/node/extensionHostProcess.js:48:561)
	at R.updateModelState (/usr/lib/code/extensions/git/dist/main.js:1:142135)
> git config --get commit.template
> git rev-parse --show-toplevel
fatal: not a git repository (or any of the parent directories): .git
> git show :hello.go
> git ls-files --stage -- /home/microsweet/go/src/go_setup/hello.go
> git cat-file -s 2d1fb6046fe8d5238ffa8fc225cdd3323aa47845
> git status -z -u
> git symbolic-ref --short HEAD
> git rev-parse master
> git rev-parse --symbolic-full-name master@{u}
> git rev-list --left-right master...refs/remotes/origin/master
> git for-each-ref --format %(refname) %(objectname) --sort -committerdate
> git remote --verbose
Failed to watch ref '/home/microsweet/go/src/go_setup/.git/refs/remotes/origin/master', is most likely packed.
Error: ENOENT: no such file or directory, watch '/home/microsweet/go/src/go_setup/.git/refs/remotes/origin/master'
	at FSWatcher.start (internal/fs/watchers.js:165:26)
	at Object.watch (fs.js:1270:11)
	at Object.t.watch (/usr/lib/code/extensions/git/dist/main.js:1:592073)
	at E.updateTransientWatchers (/usr/lib/code/extensions/git/dist/main.js:1:123277)
	at l.fire (/usr/lib/code/out/vs/workbench/services/extensions/node/extensionHostProcess.js:48:561)
	at R.updateModelState (/usr/lib/code/extensions/git/dist/main.js:1:142135)
> git config --get commit.template
> git show :hello.go
> git ls-files --stage -- /home/microsweet/go/src/go_setup/hello.go
> git cat-file -s 2d1fb6046fe8d5238ffa8fc225cdd3323aa47845
> git show :.vscode/launch.json
> git ls-files --stage -- /home/microsweet/go/src/go_setup/.vscode/launch.json
> git check-ignore -v -z --stdin
> git show :hello.go
> git ls-files --stage -- /home/microsweet/go/src/go_setup/hello.go
> git cat-file -s 2d1fb6046fe8d5238ffa8fc225cdd3323aa47845
> git show :go.mod
> git ls-files --stage -- /home/microsweet/go/src/go_setup/go.mod
> git show :hello.go
> git ls-files --stage -- /home/microsweet/go/src/go_setup/hello.go
> git cat-file -s 2d1fb6046fe8d5238ffa8fc225cdd3323aa47845
> git show :hello.go
> git ls-files --stage -- /home/microsweet/go/src/go_setup/hello.go
> git cat-file -s 2d1fb6046fe8d5238ffa8fc225cdd3323aa47845
> git show :hello.go
> git ls-files --stage -- /home/microsweet/go/src/go_setup/hello.go
> git cat-file -s 2d1fb6046fe8d5238ffa8fc225cdd3323aa47845
> git show :go.mod
> git ls-files --stage -- /home/microsweet/go/src/go_setup/go.mod
> git show :hello.go
> git ls-files --stage -- /home/microsweet/go/src/go_setup/hello.go
> git cat-file -s 2d1fb6046fe8d5238ffa8fc225cdd3323aa47845
> git show :hello.go
> git ls-files --stage -- /home/microsweet/go/src/go_setup/hello.go
> git cat-file -s 2d1fb6046fe8d5238ffa8fc225cdd3323aa47845
> git show :hello.go
> git ls-files --stage -- /home/microsweet/go/src/go_setup/hello.go
> git cat-file -s 2d1fb6046fe8d5238ffa8fc225cdd3323aa47845
> git show :hello.go
> git ls-files --stage -- /home/microsweet/go/src/go_setup/hello.go
> git cat-file -s 2d1fb6046fe8d5238ffa8fc225cdd3323aa47845
> git show :hello.go
> git ls-files --stage -- /home/microsweet/go/src/go_setup/hello.go
> git cat-file -s 2d1fb6046fe8d5238ffa8fc225cdd3323aa47845
> git show :hello.go
> git ls-files --stage -- /home/microsweet/go/src/go_setup/hello.go
> git cat-file -s 2d1fb6046fe8d5238ffa8fc225cdd3323aa47845
> git show :hello.go
> git ls-files --stage -- /home/microsweet/go/src/go_setup/hello.go
> git cat-file -s 2d1fb6046fe8d5238ffa8fc225cdd3323aa47845
> git show :hello.go
> git ls-files --stage -- /home/microsweet/go/src/go_setup/hello.go
> git cat-file -s 2d1fb6046fe8d5238ffa8fc225cdd3323aa47845
> git show :hello.go
> git ls-files --stage -- /home/microsweet/go/src/go_setup/hello.go
> git cat-file -s 2d1fb6046fe8d5238ffa8fc225cdd3323aa47845
> git show :hello.go
> git ls-files --stage -- /home/microsweet/go/src/go_setup/hello.go
> git cat-file -s 2d1fb6046fe8d5238ffa8fc225cdd3323aa47845
> git show :hello.go
> git ls-files --stage -- /home/microsweet/go/src/go_setup/hello.go
> git cat-file -s 2d1fb6046fe8d5238ffa8fc225cdd3323aa47845
> git show :hello.go
> git ls-files --stage -- /home/microsweet/go/src/go_setup/hello.go
> git cat-file -s 2d1fb6046fe8d5238ffa8fc225cdd3323aa47845
> git show :hello.go
> git ls-files --stage -- /home/microsweet/go/src/go_setup/hello.go
> git cat-file -s 2d1fb6046fe8d5238ffa8fc225cdd3323aa47845
> git show :hello.go
> git ls-files --stage -- /home/microsweet/go/src/go_setup/hello.go
> git cat-file -s 2d1fb6046fe8d5238ffa8fc225cdd3323aa47845
> git show :go.mod
> git ls-files --stage -- /home/microsweet/go/src/go_setup/go.mod
