go.toolsGopath setting is not set. Using GOPATH /home/microsweet/go
Installing 1 tool at the configured GOBIN: /home/microsweet/go/gobin/ in module mode.
  go-outline

Installing github.com/ramya-rao-a/go-outline SUCCEEDED

All tools successfully installed. You are ready to Go :).
go.toolsGopath setting is not set. Using GOPATH /home/microsweet/go
Installing 7 tools at the configured GOBIN: /home/microsweet/go/gobin/ in module mode.
  gocode
  gopkgs
  go-symbols
  gotests
  goplay
  godoctor
  gocode-gomod

go.toolsGopath setting is not set. Using GOPATH /home/microsweet/go
Installing 1 tool at the configured GOBIN: /home/microsweet/go/gobin/ in module mode.
  gopkgs

Installing github.com/uudashr/gopkgs/v2/cmd/gopkgs SUCCEEDED

All tools successfully installed. You are ready to Go :).
Installing github.com/mdempsky/gocode SUCCEEDED
Installing github.com/uudashr/gopkgs/v2/cmd/gopkgs SUCCEEDED
Installing github.com/acroca/go-symbols SUCCEEDED
Installing github.com/cweill/gotests/... SUCCEEDED
Installing github.com/haya14busa/goplay/cmd/goplay SUCCEEDED
Installing github.com/godoctor/godoctor SUCCEEDED
Installing github.com/stamblerre/gocode SUCCEEDED

All tools successfully installed. You are ready to Go :).
